2025-05-17 09:56:16,499 - INFO - root - Hello! This is Joey-NMT (version 2.2.0).
2025-05-17 09:56:16,499 - INFO - joeynmt.helpers -                           cfg.name : transformer_sample_config
2025-05-17 09:56:16,499 - INFO - joeynmt.helpers -                cfg.joeynmt_version : 2.0.0
2025-05-17 09:56:16,499 - INFO - joeynmt.helpers -                     cfg.data.train : sampled_data/train.de-it
2025-05-17 09:56:16,499 - INFO - joeynmt.helpers -                       cfg.data.dev : sampled_data/dev.de-it
2025-05-17 09:56:16,499 - INFO - joeynmt.helpers -                      cfg.data.test : sampled_data/test.de-it
2025-05-17 09:56:16,499 - INFO - joeynmt.helpers -              cfg.data.dataset_type : plain
2025-05-17 09:56:16,499 - INFO - joeynmt.helpers -                  cfg.data.src.lang : de
2025-05-17 09:56:16,499 - INFO - joeynmt.helpers -                 cfg.data.src.level : bpe
2025-05-17 09:56:16,499 - INFO - joeynmt.helpers -             cfg.data.src.lowercase : False
2025-05-17 09:56:16,499 - INFO - joeynmt.helpers -       cfg.data.src.max_sent_length : 100
2025-05-17 09:56:16,499 - INFO - joeynmt.helpers -              cfg.data.src.voc_file : joint_vocab.txt
2025-05-17 09:56:16,499 - INFO - joeynmt.helpers -        cfg.data.src.tokenizer_type : subword-nmt
2025-05-17 09:56:16,499 - INFO - joeynmt.helpers -   cfg.data.src.tokenizer_cfg.codes : bpe_codes
2025-05-17 09:56:16,499 - INFO - joeynmt.helpers -                  cfg.data.trg.lang : it
2025-05-17 09:56:16,499 - INFO - joeynmt.helpers -                 cfg.data.trg.level : bpe
2025-05-17 09:56:16,499 - INFO - joeynmt.helpers -             cfg.data.trg.lowercase : False
2025-05-17 09:56:16,499 - INFO - joeynmt.helpers -       cfg.data.trg.max_sent_length : 100
2025-05-17 09:56:16,499 - INFO - joeynmt.helpers -              cfg.data.trg.voc_file : joint_vocab.txt
2025-05-17 09:56:16,499 - INFO - joeynmt.helpers -        cfg.data.trg.tokenizer_type : subword-nmt
2025-05-17 09:56:16,499 - INFO - joeynmt.helpers -   cfg.data.trg.tokenizer_cfg.codes : bpe_codes
2025-05-17 09:56:16,499 - INFO - joeynmt.helpers -              cfg.testing.beam_size : 5
2025-05-17 09:56:16,499 - INFO - joeynmt.helpers -                  cfg.testing.alpha : 1.0
2025-05-17 09:56:16,499 - INFO - joeynmt.helpers -           cfg.training.random_seed : 42
2025-05-17 09:56:16,499 - INFO - joeynmt.helpers -             cfg.training.optimizer : adam
2025-05-17 09:56:16,499 - INFO - joeynmt.helpers -         cfg.training.normalization : tokens
2025-05-17 09:56:16,499 - INFO - joeynmt.helpers -         cfg.training.learning_rate : 0.0003
2025-05-17 09:56:16,499 - INFO - joeynmt.helpers -            cfg.training.batch_size : 2048
2025-05-17 09:56:16,499 - INFO - joeynmt.helpers -            cfg.training.batch_type : token
2025-05-17 09:56:16,499 - INFO - joeynmt.helpers -       cfg.training.eval_batch_size : 1024
2025-05-17 09:56:16,499 - INFO - joeynmt.helpers -       cfg.training.eval_batch_type : token
2025-05-17 09:56:16,499 - INFO - joeynmt.helpers -            cfg.training.scheduling : plateau
2025-05-17 09:56:16,499 - INFO - joeynmt.helpers -              cfg.training.patience : 8
2025-05-17 09:56:16,499 - INFO - joeynmt.helpers -          cfg.training.weight_decay : 0.0
2025-05-17 09:56:16,499 - INFO - joeynmt.helpers -       cfg.training.decrease_factor : 0.7
2025-05-17 09:56:16,499 - INFO - joeynmt.helpers - cfg.training.early_stopping_metric : ppl
2025-05-17 09:56:16,499 - INFO - joeynmt.helpers -                cfg.training.epochs : 10
2025-05-17 09:56:16,499 - INFO - joeynmt.helpers -       cfg.training.validation_freq : 500
2025-05-17 09:56:16,499 - INFO - joeynmt.helpers -          cfg.training.logging_freq : 100
2025-05-17 09:56:16,499 - INFO - joeynmt.helpers -           cfg.training.eval_metric : bleu
2025-05-17 09:56:16,499 - INFO - joeynmt.helpers -             cfg.training.model_dir : models_bpelvl
2025-05-17 09:56:16,499 - INFO - joeynmt.helpers -             cfg.training.overwrite : False
2025-05-17 09:56:16,499 - INFO - joeynmt.helpers -               cfg.training.shuffle : True
2025-05-17 09:56:16,500 - INFO - joeynmt.helpers -              cfg.training.use_cuda : False
2025-05-17 09:56:16,500 - INFO - joeynmt.helpers -     cfg.training.max_output_length : 100
2025-05-17 09:56:16,500 - INFO - joeynmt.helpers -     cfg.training.print_valid_sents : [0, 1, 2, 3, 4]
2025-05-17 09:56:16,500 - INFO - joeynmt.helpers -       cfg.training.label_smoothing : 0.3
2025-05-17 09:56:16,500 - INFO - joeynmt.helpers -              cfg.model.initializer : xavier_uniform
2025-05-17 09:56:16,500 - INFO - joeynmt.helpers -         cfg.model.bias_initializer : zeros
2025-05-17 09:56:16,500 - INFO - joeynmt.helpers -                cfg.model.init_gain : 1.0
2025-05-17 09:56:16,500 - INFO - joeynmt.helpers -        cfg.model.embed_initializer : xavier_uniform
2025-05-17 09:56:16,500 - INFO - joeynmt.helpers -          cfg.model.embed_init_gain : 1.0
2025-05-17 09:56:16,500 - INFO - joeynmt.helpers -          cfg.model.tied_embeddings : True
2025-05-17 09:56:16,500 - INFO - joeynmt.helpers -             cfg.model.tied_softmax : True
2025-05-17 09:56:16,500 - INFO - joeynmt.helpers -             cfg.model.encoder.type : transformer
2025-05-17 09:56:16,500 - INFO - joeynmt.helpers -       cfg.model.encoder.num_layers : 4
2025-05-17 09:56:16,500 - INFO - joeynmt.helpers -        cfg.model.encoder.num_heads : 2
2025-05-17 09:56:16,500 - INFO - joeynmt.helpers - cfg.model.encoder.embeddings.embedding_dim : 256
2025-05-17 09:56:16,500 - INFO - joeynmt.helpers - cfg.model.encoder.embeddings.scale : True
2025-05-17 09:56:16,500 - INFO - joeynmt.helpers - cfg.model.encoder.embeddings.dropout : 0
2025-05-17 09:56:16,500 - INFO - joeynmt.helpers -      cfg.model.encoder.hidden_size : 256
2025-05-17 09:56:16,500 - INFO - joeynmt.helpers -          cfg.model.encoder.ff_size : 512
2025-05-17 09:56:16,500 - INFO - joeynmt.helpers -          cfg.model.encoder.dropout : 0
2025-05-17 09:56:16,500 - INFO - joeynmt.helpers -             cfg.model.decoder.type : transformer
2025-05-17 09:56:16,500 - INFO - joeynmt.helpers -       cfg.model.decoder.num_layers : 1
2025-05-17 09:56:16,500 - INFO - joeynmt.helpers -        cfg.model.decoder.num_heads : 2
2025-05-17 09:56:16,500 - INFO - joeynmt.helpers - cfg.model.decoder.embeddings.embedding_dim : 256
2025-05-17 09:56:16,500 - INFO - joeynmt.helpers - cfg.model.decoder.embeddings.scale : True
2025-05-17 09:56:16,500 - INFO - joeynmt.helpers - cfg.model.decoder.embeddings.dropout : 0
2025-05-17 09:56:16,500 - INFO - joeynmt.helpers -      cfg.model.decoder.hidden_size : 256
2025-05-17 09:56:16,500 - INFO - joeynmt.helpers -          cfg.model.decoder.ff_size : 512
2025-05-17 09:56:16,500 - INFO - joeynmt.helpers -          cfg.model.decoder.dropout : 0
2025-05-17 09:56:16,501 - INFO - joeynmt.data - Building tokenizer...
2025-05-17 09:56:16,535 - INFO - joeynmt.tokenizers - de tokenizer: SubwordNMTTokenizer(level=bpe, lowercase=False, normalize=False, filter_by_length=(-1, -1), pretokenizer=none, tokenizer=BPE, separator=@@, dropout=0.0)
2025-05-17 09:56:16,535 - INFO - joeynmt.tokenizers - it tokenizer: SubwordNMTTokenizer(level=bpe, lowercase=False, normalize=False, filter_by_length=(-1, -1), pretokenizer=none, tokenizer=BPE, separator=@@, dropout=0.0)
2025-05-17 09:56:16,535 - INFO - joeynmt.data - Loading train set...
2025-05-17 09:56:16,616 - INFO - joeynmt.data - Building vocabulary...
2025-05-17 09:56:21,789 - INFO - joeynmt.data - Loading dev set...
2025-05-17 09:56:21,792 - INFO - joeynmt.data - Loading test set...
2025-05-17 09:56:21,793 - INFO - joeynmt.data - Data loaded.
2025-05-17 09:56:21,793 - INFO - joeynmt.data - Train dataset: PlaintextDataset(split=train, len=100000, src_lang=de, trg_lang=it, has_trg=True, random_subset=-1)
2025-05-17 09:56:21,793 - INFO - joeynmt.data - Valid dataset: PlaintextDataset(split=dev, len=923, src_lang=de, trg_lang=it, has_trg=True, random_subset=-1)
2025-05-17 09:56:21,793 - INFO - joeynmt.data -  Test dataset: PlaintextDataset(split=test, len=1567, src_lang=de, trg_lang=it, has_trg=True, random_subset=-1)
2025-05-17 09:56:21,794 - INFO - joeynmt.data - First training example:
	[SRC] Al Gor@@ e: Die Ab@@ wend@@ ung der Klima@@ katastrop@@ he
	[TRG] Al Gor@@ e: arrest@@ iamo il riscaldamento globale
2025-05-17 09:56:21,794 - INFO - joeynmt.data - First 10 Src tokens: (0) <unk> (1) <pad> (2) <s> (3) </s> (4)   (5) £ (6) ¥ (7) © (8) « (9) ®
2025-05-17 09:56:21,794 - INFO - joeynmt.data - First 10 Trg tokens: (0) <unk> (1) <pad> (2) <s> (3) </s> (4)   (5) £ (6) ¥ (7) © (8) « (9) ®
2025-05-17 09:56:21,794 - INFO - joeynmt.data - Number of unique Src tokens (vocab_size): 31870
2025-05-17 09:56:21,794 - INFO - joeynmt.data - Number of unique Trg tokens (vocab_size): 31870
2025-05-17 09:56:21,799 - INFO - joeynmt.model - Building an encoder-decoder model...
2025-05-17 09:56:21,931 - INFO - joeynmt.model - Enc-dec model built.
2025-05-17 09:56:21,933 - INFO - joeynmt.model - Total params: 11057920
2025-05-17 09:56:21,933 - DEBUG - joeynmt.model - Trainable parameters: ['decoder.layers.0.dec_layer_norm.bias', 'decoder.layers.0.dec_layer_norm.weight', 'decoder.layers.0.feed_forward.layer_norm.bias', 'decoder.layers.0.feed_forward.layer_norm.weight', 'decoder.layers.0.feed_forward.pwff_layer.0.bias', 'decoder.layers.0.feed_forward.pwff_layer.0.weight', 'decoder.layers.0.feed_forward.pwff_layer.3.bias', 'decoder.layers.0.feed_forward.pwff_layer.3.weight', 'decoder.layers.0.src_trg_att.k_layer.bias', 'decoder.layers.0.src_trg_att.k_layer.weight', 'decoder.layers.0.src_trg_att.output_layer.bias', 'decoder.layers.0.src_trg_att.output_layer.weight', 'decoder.layers.0.src_trg_att.q_layer.bias', 'decoder.layers.0.src_trg_att.q_layer.weight', 'decoder.layers.0.src_trg_att.v_layer.bias', 'decoder.layers.0.src_trg_att.v_layer.weight', 'decoder.layers.0.trg_trg_att.k_layer.bias', 'decoder.layers.0.trg_trg_att.k_layer.weight', 'decoder.layers.0.trg_trg_att.output_layer.bias', 'decoder.layers.0.trg_trg_att.output_layer.weight', 'decoder.layers.0.trg_trg_att.q_layer.bias', 'decoder.layers.0.trg_trg_att.q_layer.weight', 'decoder.layers.0.trg_trg_att.v_layer.bias', 'decoder.layers.0.trg_trg_att.v_layer.weight', 'decoder.layers.0.x_layer_norm.bias', 'decoder.layers.0.x_layer_norm.weight', 'encoder.layers.0.feed_forward.layer_norm.bias', 'encoder.layers.0.feed_forward.layer_norm.weight', 'encoder.layers.0.feed_forward.pwff_layer.0.bias', 'encoder.layers.0.feed_forward.pwff_layer.0.weight', 'encoder.layers.0.feed_forward.pwff_layer.3.bias', 'encoder.layers.0.feed_forward.pwff_layer.3.weight', 'encoder.layers.0.layer_norm.bias', 'encoder.layers.0.layer_norm.weight', 'encoder.layers.0.src_src_att.k_layer.bias', 'encoder.layers.0.src_src_att.k_layer.weight', 'encoder.layers.0.src_src_att.output_layer.bias', 'encoder.layers.0.src_src_att.output_layer.weight', 'encoder.layers.0.src_src_att.q_layer.bias', 'encoder.layers.0.src_src_att.q_layer.weight', 'encoder.layers.0.src_src_att.v_layer.bias', 'encoder.layers.0.src_src_att.v_layer.weight', 'encoder.layers.1.feed_forward.layer_norm.bias', 'encoder.layers.1.feed_forward.layer_norm.weight', 'encoder.layers.1.feed_forward.pwff_layer.0.bias', 'encoder.layers.1.feed_forward.pwff_layer.0.weight', 'encoder.layers.1.feed_forward.pwff_layer.3.bias', 'encoder.layers.1.feed_forward.pwff_layer.3.weight', 'encoder.layers.1.layer_norm.bias', 'encoder.layers.1.layer_norm.weight', 'encoder.layers.1.src_src_att.k_layer.bias', 'encoder.layers.1.src_src_att.k_layer.weight', 'encoder.layers.1.src_src_att.output_layer.bias', 'encoder.layers.1.src_src_att.output_layer.weight', 'encoder.layers.1.src_src_att.q_layer.bias', 'encoder.layers.1.src_src_att.q_layer.weight', 'encoder.layers.1.src_src_att.v_layer.bias', 'encoder.layers.1.src_src_att.v_layer.weight', 'encoder.layers.2.feed_forward.layer_norm.bias', 'encoder.layers.2.feed_forward.layer_norm.weight', 'encoder.layers.2.feed_forward.pwff_layer.0.bias', 'encoder.layers.2.feed_forward.pwff_layer.0.weight', 'encoder.layers.2.feed_forward.pwff_layer.3.bias', 'encoder.layers.2.feed_forward.pwff_layer.3.weight', 'encoder.layers.2.layer_norm.bias', 'encoder.layers.2.layer_norm.weight', 'encoder.layers.2.src_src_att.k_layer.bias', 'encoder.layers.2.src_src_att.k_layer.weight', 'encoder.layers.2.src_src_att.output_layer.bias', 'encoder.layers.2.src_src_att.output_layer.weight', 'encoder.layers.2.src_src_att.q_layer.bias', 'encoder.layers.2.src_src_att.q_layer.weight', 'encoder.layers.2.src_src_att.v_layer.bias', 'encoder.layers.2.src_src_att.v_layer.weight', 'encoder.layers.3.feed_forward.layer_norm.bias', 'encoder.layers.3.feed_forward.layer_norm.weight', 'encoder.layers.3.feed_forward.pwff_layer.0.bias', 'encoder.layers.3.feed_forward.pwff_layer.0.weight', 'encoder.layers.3.feed_forward.pwff_layer.3.bias', 'encoder.layers.3.feed_forward.pwff_layer.3.weight', 'encoder.layers.3.layer_norm.bias', 'encoder.layers.3.layer_norm.weight', 'encoder.layers.3.src_src_att.k_layer.bias', 'encoder.layers.3.src_src_att.k_layer.weight', 'encoder.layers.3.src_src_att.output_layer.bias', 'encoder.layers.3.src_src_att.output_layer.weight', 'encoder.layers.3.src_src_att.q_layer.bias', 'encoder.layers.3.src_src_att.q_layer.weight', 'encoder.layers.3.src_src_att.v_layer.bias', 'encoder.layers.3.src_src_att.v_layer.weight', 'src_embed.lut.weight']
2025-05-17 09:56:21,933 - INFO - joeynmt.training - Model(
	encoder=TransformerEncoder(num_layers=4, num_heads=2, alpha=1.0, layer_norm="pre", activation=ReLU()),
	decoder=TransformerDecoder(num_layers=1, num_heads=2, alpha=1.0, layer_norm="post", activation=ReLU()),
	src_embed=Embeddings(embedding_dim=256, vocab_size=31870),
	trg_embed=Embeddings(embedding_dim=256, vocab_size=31870),
	loss_function=XentLoss(criterion=KLDivLoss(), smoothing=0.3))
2025-05-17 09:56:21,933 - INFO - joeynmt.builders - Adam(lr=0.0003, weight_decay=0.0, betas=(0.9, 0.999))
2025-05-17 09:56:21,933 - INFO - joeynmt.builders - ReduceLROnPlateau(mode=min, verbose=False, threshold_mode=abs, eps=0.0, factor=0.7, patience=8)
2025-05-17 09:56:21,933 - INFO - joeynmt.training - Train stats:
	device: cpu
	n_gpu: 0
	16-bits training: False
	gradient accumulation: 1
	batch size per device: 2048
	effective batch size (w. parallel & accumulation): 2048
2025-05-17 09:56:21,933 - INFO - joeynmt.training - EPOCH 1
2025-05-17 09:56:35,087 - INFO - joeynmt.model - Building an encoder-decoder model...
2025-05-17 09:56:35,206 - INFO - joeynmt.model - Enc-dec model built.
